<?xml version="1.0" encoding="UTF-8"?>
<!-- Generated by org.testng.reporters.JUnitReportReporter -->
<testsuite hostname="DESKTOP-RK5KGC6" failures="0" tests="1" name="testngdemo.FileUploadRobotClass" time="8.622" errors="0" timestamp="2023-10-26T14:37:54 IST" skipped="0">
  <testcase classname="testngdemo.FileUploadRobotClass" name="fileUploadpgrm" time="8.622"/>
</testsuite> <!-- testngdemo.FileUploadRobotClass -->
