<?xml version="1.0" encoding="UTF-8"?>
<!-- Generated by org.testng.reporters.JUnitReportReporter -->
<testsuite hostname="DESKTOP-RK5KGC6" failures="0" tests="1" name="testngdemo.FileUpload" time="1.698" errors="0" timestamp="2023-10-25T15:18:08 IST" skipped="0">
  <testcase classname="testngdemo.FileUpload" name="fileUpload" time="1.698"/>
</testsuite> <!-- testngdemo.FileUpload -->
