<?xml version="1.0" encoding="UTF-8"?>
<!-- Generated by org.testng.reporters.JUnitReportReporter -->
<testsuite hostname="DESKTOP-RK5KGC6" failures="0" tests="2" name="testngdemo.TestNGAnnotation" time="0.046" errors="0" timestamp="2023-10-18T15:02:31 IST" skipped="0">
  <testcase classname="testngdemo.TestNGAnnotation" name="test4" time="0.005"/>
  <testcase classname="testngdemo.TestNGAnnotation" name="test3" time="0.041"/>
</testsuite> <!-- testngdemo.TestNGAnnotation -->
