<?xml version="1.0" encoding="UTF-8"?>
<!-- Generated by org.testng.reporters.JUnitReportReporter -->
<testsuite hostname="DESKTOP-RK5KGC6" failures="0" tests="1" name="testngdemo.ScrollDownPgrm" time="3.920" errors="0" timestamp="2023-11-07T16:14:02 IST" skipped="0">
  <testcase classname="testngdemo.ScrollDownPgrm" name="test" time="3.920"/>
</testsuite> <!-- testngdemo.ScrollDownPgrm -->
