<?xml version="1.0" encoding="UTF-8"?>
<!-- Generated by org.testng.reporters.JUnitReportReporter -->
<testsuite hostname="DESKTOP-RK5KGC6" failures="0" tests="1" name="testngdemo.MultipleWindowHandles" time="10.640" errors="0" timestamp="2023-10-28T10:19:09 IST" skipped="0">
  <testcase classname="testngdemo.MultipleWindowHandles" name="test" time="10.640"/>
</testsuite> <!-- testngdemo.MultipleWindowHandles -->
