<?xml version="1.0" encoding="UTF-8"?>
<!-- Generated by org.testng.reporters.JUnitReportReporter -->
<testsuite hostname="DESKTOP-RK5KGC6" failures="0" tests="1" name="testngdemo.Bookingdatepicker" time="3.063" errors="0" timestamp="2023-10-31T16:51:37 IST" skipped="0">
  <testcase classname="testngdemo.Bookingdatepicker" name="test" time="3.063"/>
</testsuite> <!-- testngdemo.Bookingdatepicker -->
