<?xml version="1.0" encoding="UTF-8"?>
<!-- Generated by org.testng.reporters.JUnitReportReporter -->
<testsuite hostname="DESKTOP-RK5KGC6" failures="0" tests="1" name="testngdemo.DragAndDrop" time="2.331" errors="0" timestamp="2023-10-19T16:13:21 IST" skipped="0">
  <testcase classname="testngdemo.DragAndDrop" name="dragDrop" time="2.331"/>
</testsuite> <!-- testngdemo.DragAndDrop -->
