<?xml version="1.0" encoding="UTF-8"?>
<!-- Generated by org.testng.reporters.JUnitReportReporter -->
<testsuite hostname="DESKTOP-RK5KGC6" failures="0" tests="1" name="testpkg.FbLoginTest" time="14.342" errors="0" timestamp="2023-11-02T13:02:14 IST" skipped="0">
  <testcase classname="testpkg.FbLoginTest" name="FbLogin" time="14.342"/>
</testsuite> <!-- testpkg.FbLoginTest -->
