<?xml version="1.0" encoding="UTF-8"?>
<!-- Generated by org.testng.reporters.JUnitReportReporter -->
<testsuite hostname="DESKTOP-RK5KGC6" failures="0" tests="1" name="testngdemo.DataDrivenTest" time="15.453" errors="0" timestamp="2023-10-27T14:52:22 IST" skipped="0">
  <testcase classname="testngdemo.DataDrivenTest" name="test" time="15.453"/>
</testsuite> <!-- testngdemo.DataDrivenTest -->
