<?xml version="1.0" encoding="UTF-8"?>
<!-- Generated by org.testng.reporters.JUnitReportReporter -->
<testsuite hostname="DESKTOP-RK5KGC6" failures="0" tests="1" name="testngdemo.CopyPaste" time="1.006" errors="0" timestamp="2023-10-19T15:03:52 IST" skipped="0">
  <testcase classname="testngdemo.CopyPaste" name="copyPaste" time="1.006"/>
</testsuite> <!-- testngdemo.CopyPaste -->
