<?xml version="1.0" encoding="UTF-8"?>
<!-- Generated by org.testng.reporters.JUnitReportReporter -->
<testsuite hostname="DESKTOP-RK5KGC6" failures="0" tests="1" name="testngdemo.FBlogin" time="0.558" errors="0" timestamp="2023-10-19T14:04:41 IST" skipped="0">
  <testcase classname="testngdemo.FBlogin" name="login" time="0.558"/>
</testsuite> <!-- testngdemo.FBlogin -->
