<?xml version="1.0" encoding="UTF-8"?>
<!-- Generated by org.testng.reporters.JUnitReportReporter -->
<testsuite hostname="DESKTOP-RK5KGC6" failures="0" tests="1" name="testngdemo.AmazonPgrm" time="23.347" errors="0" timestamp="2023-11-06T16:07:17 IST" skipped="0">
  <testcase classname="testngdemo.AmazonPgrm" name="test" time="23.347"/>
</testsuite> <!-- testngdemo.AmazonPgrm -->
