<?xml version="1.0" encoding="UTF-8"?>
<!-- Generated by org.testng.reporters.JUnitReportReporter -->
<testsuite hostname="DESKTOP-RK5KGC6" failures="0" tests="1" name="testngdemo.MouseHover" time="4.233" errors="0" timestamp="2023-11-12T22:26:07 IST" skipped="0">
  <testcase classname="testngdemo.MouseHover" name="mouseHover" time="4.233"/>
</testsuite> <!-- testngdemo.MouseHover -->
