<?xml version="1.0" encoding="UTF-8"?>
<!-- Generated by org.testng.reporters.JUnitReportReporter -->
<testsuite hostname="DESKTOP-RK5KGC6" failures="0" tests="1" name="testngdemo.AutoIt" time="7.814" errors="0" timestamp="2023-10-26T15:35:59 IST" skipped="0">
  <testcase classname="testngdemo.AutoIt" name="AutoItpggrm" time="7.814"/>
</testsuite> <!-- testngdemo.AutoIt -->
