<?xml version="1.0" encoding="UTF-8"?>
<!-- Generated by org.testng.reporters.JUnitReportReporter -->
<testsuite hostname="DESKTOP-RK5KGC6" failures="0" tests="1" name="testngdemo.ChromeOptionsPgrm" time="4.328" errors="0" timestamp="2023-10-28T09:52:51 IST" skipped="0">
  <testcase classname="testngdemo.ChromeOptionsPgrm" name="test" time="4.328"/>
</testsuite> <!-- testngdemo.ChromeOptionsPgrm -->
