<?xml version="1.0" encoding="UTF-8"?>
<!-- Generated by org.testng.reporters.JUnitReportReporter -->
<testsuite hostname="DESKTOP-RK5KGC6" failures="0" tests="1" name="testngdemo.ParameterPrgm" time="0.021" errors="0" timestamp="2023-10-18T15:30:07 IST" skipped="0">
  <testcase classname="testngdemo.ParameterPrgm" name="test" time="0.021"/>
</testsuite> <!-- testngdemo.ParameterPrgm -->
