<?xml version="1.0" encoding="UTF-8"?>
<!-- Generated by org.testng.reporters.JUnitReportReporter -->
<testsuite hostname="DESKTOP-RK5KGC6" failures="0" tests="1" name="testngdemo.DatePickerElement" time="2.080" errors="0" timestamp="2023-10-31T14:03:46 IST" skipped="0">
  <testcase classname="testngdemo.DatePickerElement" name="test" time="2.080"/>
</testsuite> <!-- testngdemo.DatePickerElement -->
