<?xml version="1.0" encoding="UTF-8"?>
<!-- Generated by org.testng.reporters.JUnitReportReporter -->
<testsuite hostname="DESKTOP-RK5KGC6" failures="0" tests="1" name="testngdemo.RightClickDoubleClick" time="0.898" errors="0" timestamp="2023-10-25T13:10:26 IST" skipped="0">
  <testcase classname="testngdemo.RightClickDoubleClick" name="rightClick" time="0.898"/>
</testsuite> <!-- testngdemo.RightClickDoubleClick -->
