<?xml version="1.0" encoding="UTF-8"?>
<!-- Generated by org.testng.reporters.JUnitReportReporter -->
<testsuite hostname="DESKTOP-RK5KGC6" failures="0" tests="1" name="testngdemo.SampleRightClickDouble" time="2.844" errors="0" timestamp="2023-10-25T13:18:57 IST" skipped="0">
  <testcase classname="testngdemo.SampleRightClickDouble" name="rightClick" time="2.844"/>
</testsuite> <!-- testngdemo.SampleRightClickDouble -->
