<?xml version="1.0" encoding="UTF-8"?>
<!-- Generated by org.testng.reporters.JUnitReportReporter -->
<testsuite hostname="DESKTOP-RK5KGC6" failures="0" tests="3" name="testngdemo.CrossbrowserPgrm" time="8.987" errors="0" timestamp="2023-10-25T14:42:00 IST" skipped="0">
  <testcase classname="testngdemo.CrossbrowserPgrm" name="test" time="2.471"/>
  <testcase classname="testngdemo.CrossbrowserPgrm" name="test" time="2.829"/>
  <testcase classname="testngdemo.CrossbrowserPgrm" name="test" time="3.687"/>
</testsuite> <!-- testngdemo.CrossbrowserPgrm -->
